2023-02-23T23:08:03.177+09:00  WARN 3376 --- [main] JpaBaseConfiguration$JpaWebConfiguration : spring.jpa.open-in-view is enabled by default. Therefore, database queries may be performed during view rendering. Explicitly configure spring.jpa.open-in-view to disable this warning
2023-02-23T23:08:03.341+09:00 DEBUG 3376 --- [main] s.w.s.m.m.a.RequestMappingHandlerAdapter : ControllerAdvice beans: 0 @ModelAttribute, 0 @InitBinder, 1 RequestBodyAdvice, 1 ResponseBodyAdvice
2023-02-23T23:08:03.449+09:00 DEBUG 3376 --- [main] s.w.s.m.m.a.RequestMappingHandlerMapping : 13 mappings in 'requestMappingHandlerMapping'
2023-02-23T23:08:03.479+09:00 DEBUG 3376 --- [main] o.s.w.s.handler.SimpleUrlHandlerMapping  : Patterns [/webjars/**, /**] in 'resourceHandlerMapping'
2023-02-23T23:08:03.493+09:00 DEBUG 3376 --- [main] .m.m.a.ExceptionHandlerExceptionResolver : ControllerAdvice beans: 0 @ExceptionHandler, 1 ResponseBodyAdvice
2023-02-23T23:08:23.593+09:00  INFO 3376 --- [http-nio-7777-exec-1] o.s.web.servlet.DispatcherServlet        : Initializing Servlet 'dispatcherServlet'
2023-02-23T23:08:23.594+09:00 DEBUG 3376 --- [http-nio-7777-exec-1] o.s.web.servlet.DispatcherServlet        : Detected StandardServletMultipartResolver
2023-02-23T23:08:23.594+09:00 DEBUG 3376 --- [http-nio-7777-exec-1] o.s.web.servlet.DispatcherServlet        : Detected AcceptHeaderLocaleResolver
2023-02-23T23:08:23.595+09:00 DEBUG 3376 --- [http-nio-7777-exec-1] o.s.web.servlet.DispatcherServlet        : Detected FixedThemeResolver
2023-02-23T23:08:23.596+09:00 DEBUG 3376 --- [http-nio-7777-exec-1] o.s.web.servlet.DispatcherServlet        : Detected org.springframework.web.servlet.view.DefaultRequestToViewNameTranslator@2ec156fb
2023-02-23T23:08:23.596+09:00 DEBUG 3376 --- [http-nio-7777-exec-1] o.s.web.servlet.DispatcherServlet        : Detected org.springframework.web.servlet.support.SessionFlashMapManager@115a7e51
2023-02-23T23:08:23.596+09:00 DEBUG 3376 --- [http-nio-7777-exec-1] o.s.web.servlet.DispatcherServlet        : enableLoggingRequestDetails='false': request parameters and headers will be masked to prevent unsafe logging of potentially sensitive data
2023-02-23T23:08:23.597+09:00  INFO 3376 --- [http-nio-7777-exec-1] o.s.web.servlet.DispatcherServlet        : Completed initialization in 3 ms
2023-02-23T23:08:23.606+09:00 DEBUG 3376 --- [http-nio-7777-exec-1] o.s.web.servlet.DispatcherServlet        : GET "/salary/getByMonthBetween?monthFrom=202102&monthTo=202312", parameters={masked}
2023-02-23T23:08:23.619+09:00 DEBUG 3376 --- [http-nio-7777-exec-1] s.w.s.m.m.a.RequestMappingHandlerMapping : Mapped to jp.fujino.SalaryDataManager.application.controller.SalaryController#getByMonthBetween(String, String)
2023-02-23T23:08:23.851+09:00 DEBUG 3376 --- [http-nio-7777-exec-1] m.m.a.RequestResponseBodyMethodProcessor : Using 'application/json', given [*/*] and supported [application/json]
2023-02-23T23:08:23.906+09:00 DEBUG 3376 --- [http-nio-7777-exec-1] m.m.a.RequestResponseBodyMethodProcessor : Writing [jp.fujino.SalaryDataManager.application.resource.HttpResponseObject@5a846503]
2023-02-23T23:08:23.934+09:00 DEBUG 3376 --- [http-nio-7777-exec-1] o.s.web.servlet.DispatcherServlet        : Completed 200 OK
2023-02-23T23:16:35.184+09:00  WARN 23924 --- [main] JpaBaseConfiguration$JpaWebConfiguration : spring.jpa.open-in-view is enabled by default. Therefore, database queries may be performed during view rendering. Explicitly configure spring.jpa.open-in-view to disable this warning
2023-02-23T23:16:35.359+09:00 DEBUG 23924 --- [main] s.w.s.m.m.a.RequestMappingHandlerAdapter : ControllerAdvice beans: 0 @ModelAttribute, 0 @InitBinder, 1 RequestBodyAdvice, 1 ResponseBodyAdvice
2023-02-23T23:16:35.481+09:00 DEBUG 23924 --- [main] s.w.s.m.m.a.RequestMappingHandlerMapping : 13 mappings in 'requestMappingHandlerMapping'
2023-02-23T23:16:35.509+09:00 DEBUG 23924 --- [main] o.s.w.s.handler.SimpleUrlHandlerMapping  : Patterns [/webjars/**, /**] in 'resourceHandlerMapping'
2023-02-23T23:16:35.519+09:00 DEBUG 23924 --- [main] .m.m.a.ExceptionHandlerExceptionResolver : ControllerAdvice beans: 0 @ExceptionHandler, 1 ResponseBodyAdvice
2023-02-23T23:16:50.557+09:00  INFO 23924 --- [http-nio-7777-exec-1] o.s.web.servlet.DispatcherServlet        : Initializing Servlet 'dispatcherServlet'
2023-02-23T23:16:50.557+09:00 DEBUG 23924 --- [http-nio-7777-exec-1] o.s.web.servlet.DispatcherServlet        : Detected StandardServletMultipartResolver
2023-02-23T23:16:50.558+09:00 DEBUG 23924 --- [http-nio-7777-exec-1] o.s.web.servlet.DispatcherServlet        : Detected AcceptHeaderLocaleResolver
2023-02-23T23:16:50.558+09:00 DEBUG 23924 --- [http-nio-7777-exec-1] o.s.web.servlet.DispatcherServlet        : Detected FixedThemeResolver
2023-02-23T23:16:50.559+09:00 DEBUG 23924 --- [http-nio-7777-exec-1] o.s.web.servlet.DispatcherServlet        : Detected org.springframework.web.servlet.view.DefaultRequestToViewNameTranslator@54033a65
2023-02-23T23:16:50.559+09:00 DEBUG 23924 --- [http-nio-7777-exec-1] o.s.web.servlet.DispatcherServlet        : Detected org.springframework.web.servlet.support.SessionFlashMapManager@56976b8b
2023-02-23T23:16:50.559+09:00 DEBUG 23924 --- [http-nio-7777-exec-1] o.s.web.servlet.DispatcherServlet        : enableLoggingRequestDetails='false': request parameters and headers will be masked to prevent unsafe logging of potentially sensitive data
2023-02-23T23:16:50.560+09:00  INFO 23924 --- [http-nio-7777-exec-1] o.s.web.servlet.DispatcherServlet        : Completed initialization in 3 ms
2023-02-23T23:16:50.568+09:00 DEBUG 23924 --- [http-nio-7777-exec-1] o.s.web.servlet.DispatcherServlet        : GET "/salary/getByMonthBetween?monthFrom=202102&monthTo=202312", parameters={masked}
2023-02-23T23:16:50.580+09:00 DEBUG 23924 --- [http-nio-7777-exec-1] s.w.s.m.m.a.RequestMappingHandlerMapping : Mapped to jp.fujino.SalaryDataManager.application.controller.SalaryController#getByMonthBetween(String, String)
2023-02-23T23:16:50.914+09:00 DEBUG 23924 --- [http-nio-7777-exec-1] m.m.a.RequestResponseBodyMethodProcessor : Using 'application/json', given [*/*] and supported [application/json]
2023-02-23T23:16:50.955+09:00 DEBUG 23924 --- [http-nio-7777-exec-1] m.m.a.RequestResponseBodyMethodProcessor : Writing [jp.fujino.SalaryDataManager.application.resource.HttpResponseObject@3e30b028]
2023-02-23T23:16:50.996+09:00 DEBUG 23924 --- [http-nio-7777-exec-1] o.s.web.servlet.DispatcherServlet        : Completed 200 OK
2023-02-23T23:17:27.266+09:00  WARN 22816 --- [main] JpaBaseConfiguration$JpaWebConfiguration : spring.jpa.open-in-view is enabled by default. Therefore, database queries may be performed during view rendering. Explicitly configure spring.jpa.open-in-view to disable this warning
2023-02-23T23:17:27.424+09:00 DEBUG 22816 --- [main] s.w.s.m.m.a.RequestMappingHandlerAdapter : ControllerAdvice beans: 0 @ModelAttribute, 0 @InitBinder, 1 RequestBodyAdvice, 1 ResponseBodyAdvice
2023-02-23T23:17:27.557+09:00 DEBUG 22816 --- [main] s.w.s.m.m.a.RequestMappingHandlerMapping : 13 mappings in 'requestMappingHandlerMapping'
2023-02-23T23:17:27.603+09:00 DEBUG 22816 --- [main] o.s.w.s.handler.SimpleUrlHandlerMapping  : Patterns [/webjars/**, /**] in 'resourceHandlerMapping'
2023-02-23T23:17:27.614+09:00 DEBUG 22816 --- [main] .m.m.a.ExceptionHandlerExceptionResolver : ControllerAdvice beans: 0 @ExceptionHandler, 1 ResponseBodyAdvice
2023-02-23T23:17:50.914+09:00  INFO 22816 --- [http-nio-7777-exec-1] o.s.web.servlet.DispatcherServlet        : Initializing Servlet 'dispatcherServlet'
2023-02-23T23:17:50.915+09:00 DEBUG 22816 --- [http-nio-7777-exec-1] o.s.web.servlet.DispatcherServlet        : Detected StandardServletMultipartResolver
2023-02-23T23:17:50.915+09:00 DEBUG 22816 --- [http-nio-7777-exec-1] o.s.web.servlet.DispatcherServlet        : Detected AcceptHeaderLocaleResolver
2023-02-23T23:17:50.915+09:00 DEBUG 22816 --- [http-nio-7777-exec-1] o.s.web.servlet.DispatcherServlet        : Detected FixedThemeResolver
2023-02-23T23:17:50.916+09:00 DEBUG 22816 --- [http-nio-7777-exec-1] o.s.web.servlet.DispatcherServlet        : Detected org.springframework.web.servlet.view.DefaultRequestToViewNameTranslator@62581ef6
2023-02-23T23:17:50.917+09:00 DEBUG 22816 --- [http-nio-7777-exec-1] o.s.web.servlet.DispatcherServlet        : Detected org.springframework.web.servlet.support.SessionFlashMapManager@77e1dacd
2023-02-23T23:17:50.917+09:00 DEBUG 22816 --- [http-nio-7777-exec-1] o.s.web.servlet.DispatcherServlet        : enableLoggingRequestDetails='false': request parameters and headers will be masked to prevent unsafe logging of potentially sensitive data
2023-02-23T23:17:50.918+09:00  INFO 22816 --- [http-nio-7777-exec-1] o.s.web.servlet.DispatcherServlet        : Completed initialization in 3 ms
2023-02-23T23:17:50.927+09:00 DEBUG 22816 --- [http-nio-7777-exec-1] o.s.web.servlet.DispatcherServlet        : GET "/salary/getByMonthBetween?monthFrom=202102&monthTo=202312", parameters={masked}
2023-02-23T23:17:50.940+09:00 DEBUG 22816 --- [http-nio-7777-exec-1] s.w.s.m.m.a.RequestMappingHandlerMapping : Mapped to jp.fujino.SalaryDataManager.application.controller.SalaryController#getByMonthBetween(String, String)
2023-02-23T23:17:51.265+09:00 DEBUG 22816 --- [http-nio-7777-exec-1] m.m.a.RequestResponseBodyMethodProcessor : Using 'application/json', given [*/*] and supported [application/json]
2023-02-23T23:17:51.307+09:00 DEBUG 22816 --- [http-nio-7777-exec-1] m.m.a.RequestResponseBodyMethodProcessor : Writing [jp.fujino.SalaryDataManager.application.resource.HttpResponseObject@3e30b028]
2023-02-23T23:17:51.360+09:00 DEBUG 22816 --- [http-nio-7777-exec-1] o.s.web.servlet.DispatcherServlet        : Completed 200 OK
2023-02-23T23:18:31.161+09:00  WARN 24012 --- [main] JpaBaseConfiguration$JpaWebConfiguration : spring.jpa.open-in-view is enabled by default. Therefore, database queries may be performed during view rendering. Explicitly configure spring.jpa.open-in-view to disable this warning
2023-02-23T23:18:52.120+09:00  INFO 24012 --- [http-nio-7777-exec-1] o.s.web.servlet.DispatcherServlet        : Initializing Servlet 'dispatcherServlet'
2023-02-23T23:18:52.122+09:00  INFO 24012 --- [http-nio-7777-exec-1] o.s.web.servlet.DispatcherServlet        : Completed initialization in 1 ms
2023-02-23T23:19:24.804+09:00  WARN 22244 --- [main] JpaBaseConfiguration$JpaWebConfiguration : spring.jpa.open-in-view is enabled by default. Therefore, database queries may be performed during view rendering. Explicitly configure spring.jpa.open-in-view to disable this warning
2023-02-23T23:19:35.068+09:00  INFO 22244 --- [http-nio-7777-exec-1] o.s.web.servlet.DispatcherServlet        : Initializing Servlet 'dispatcherServlet'
2023-02-23T23:19:35.070+09:00  INFO 22244 --- [http-nio-7777-exec-1] o.s.web.servlet.DispatcherServlet        : Completed initialization in 1 ms
2023-02-23T23:20:02.355+09:00  INFO 19496 --- [main] j.f.S.SalaryDataManagerApplication       : Starting SalaryDataManagerApplication using Java 17.0.1 with PID 19496 (C:\Work\develop\SalaryDataManager\02-SpringAPI\SalaryDataManager\build\classes\java\main started by Home in C:\Work\develop\SalaryDataManager\02-SpringAPI\SalaryDataManager)
2023-02-23T23:20:02.384+09:00  INFO 19496 --- [main] j.f.S.SalaryDataManagerApplication       : No active profile set, falling back to 1 default profile: "default"
2023-02-23T23:20:04.111+09:00  INFO 19496 --- [main] .s.d.r.c.RepositoryConfigurationDelegate : Bootstrapping Spring Data JPA repositories in DEFAULT mode.
2023-02-23T23:20:04.218+09:00  INFO 19496 --- [main] .s.d.r.c.RepositoryConfigurationDelegate : Finished Spring Data repository scanning in 88 ms. Found 1 JPA repository interfaces.
2023-02-23T23:20:05.186+09:00  INFO 19496 --- [main] o.s.b.w.embedded.tomcat.TomcatWebServer  : Tomcat initialized with port(s): 7777 (http)
2023-02-23T23:20:05.198+09:00  INFO 19496 --- [main] o.apache.catalina.core.StandardService   : Starting service [Tomcat]
2023-02-23T23:20:05.198+09:00  INFO 19496 --- [main] o.apache.catalina.core.StandardEngine    : Starting Servlet engine: [Apache Tomcat/10.1.5]
2023-02-23T23:20:05.559+09:00  INFO 19496 --- [main] o.a.c.c.C.[Tomcat].[localhost].[/]       : Initializing Spring embedded WebApplicationContext
2023-02-23T23:20:05.564+09:00  INFO 19496 --- [main] w.s.c.ServletWebServerApplicationContext : Root WebApplicationContext: initialization completed in 2441 ms
2023-02-23T23:20:06.484+09:00  INFO 19496 --- [main] com.zaxxer.hikari.HikariDataSource       : HikariPool-1 - Starting...
2023-02-23T23:20:06.664+09:00  INFO 19496 --- [main] com.zaxxer.hikari.pool.HikariPool        : HikariPool-1 - Added connection org.postgresql.jdbc.PgConnection@d3f4505
2023-02-23T23:20:06.665+09:00  INFO 19496 --- [main] com.zaxxer.hikari.HikariDataSource       : HikariPool-1 - Start completed.
2023-02-23T23:20:07.337+09:00  INFO 19496 --- [main] SQL dialect                              : HHH000400: Using dialect: org.hibernate.dialect.PostgreSQLDialect
2023-02-23T23:20:08.374+09:00  INFO 19496 --- [main] j.LocalContainerEntityManagerFactoryBean : Initialized JPA EntityManagerFactory for persistence unit 'default'
2023-02-23T23:20:09.063+09:00  WARN 19496 --- [main] JpaBaseConfiguration$JpaWebConfiguration : spring.jpa.open-in-view is enabled by default. Therefore, database queries may be performed during view rendering. Explicitly configure spring.jpa.open-in-view to disable this warning
2023-02-23T23:20:09.239+09:00 DEBUG 19496 --- [main] s.w.s.m.m.a.RequestMappingHandlerAdapter : ControllerAdvice beans: 0 @ModelAttribute, 0 @InitBinder, 1 RequestBodyAdvice, 1 ResponseBodyAdvice
2023-02-23T23:20:09.362+09:00 DEBUG 19496 --- [main] s.w.s.m.m.a.RequestMappingHandlerMapping : 13 mappings in 'requestMappingHandlerMapping'
2023-02-23T23:20:09.392+09:00 DEBUG 19496 --- [main] o.s.w.s.handler.SimpleUrlHandlerMapping  : Patterns [/webjars/**, /**] in 'resourceHandlerMapping'
2023-02-23T23:20:09.406+09:00 DEBUG 19496 --- [main] .m.m.a.ExceptionHandlerExceptionResolver : ControllerAdvice beans: 0 @ExceptionHandler, 1 ResponseBodyAdvice
2023-02-23T23:20:10.338+09:00  INFO 19496 --- [main] o.s.b.w.embedded.tomcat.TomcatWebServer  : Tomcat started on port(s): 7777 (http) with context path ''
2023-02-23T23:20:10.429+09:00  INFO 19496 --- [main] j.f.S.SalaryDataManagerApplication       : Started SalaryDataManagerApplication in 8.778 seconds (process running for 9.284)
2023-02-23T23:20:13.750+09:00  INFO 19496 --- [http-nio-7777-exec-1] o.a.c.c.C.[Tomcat].[localhost].[/]       : Initializing Spring DispatcherServlet 'dispatcherServlet'
2023-02-23T23:20:13.751+09:00  INFO 19496 --- [http-nio-7777-exec-1] o.s.web.servlet.DispatcherServlet        : Initializing Servlet 'dispatcherServlet'
2023-02-23T23:20:13.751+09:00 DEBUG 19496 --- [http-nio-7777-exec-1] o.s.web.servlet.DispatcherServlet        : Detected StandardServletMultipartResolver
2023-02-23T23:20:13.752+09:00 DEBUG 19496 --- [http-nio-7777-exec-1] o.s.web.servlet.DispatcherServlet        : Detected AcceptHeaderLocaleResolver
2023-02-23T23:20:13.752+09:00 DEBUG 19496 --- [http-nio-7777-exec-1] o.s.web.servlet.DispatcherServlet        : Detected FixedThemeResolver
2023-02-23T23:20:13.753+09:00 DEBUG 19496 --- [http-nio-7777-exec-1] o.s.web.servlet.DispatcherServlet        : Detected org.springframework.web.servlet.view.DefaultRequestToViewNameTranslator@40b8158d
2023-02-23T23:20:13.753+09:00 DEBUG 19496 --- [http-nio-7777-exec-1] o.s.web.servlet.DispatcherServlet        : Detected org.springframework.web.servlet.support.SessionFlashMapManager@7a522157
2023-02-23T23:20:13.754+09:00 DEBUG 19496 --- [http-nio-7777-exec-1] o.s.web.servlet.DispatcherServlet        : enableLoggingRequestDetails='false': request parameters and headers will be masked to prevent unsafe logging of potentially sensitive data
2023-02-23T23:20:13.754+09:00  INFO 19496 --- [http-nio-7777-exec-1] o.s.web.servlet.DispatcherServlet        : Completed initialization in 3 ms
2023-02-23T23:20:13.763+09:00 DEBUG 19496 --- [http-nio-7777-exec-1] o.s.web.servlet.DispatcherServlet        : GET "/salary/getByMonthBetween?monthFrom=202102&monthTo=202312", parameters={masked}
2023-02-23T23:20:13.775+09:00 DEBUG 19496 --- [http-nio-7777-exec-1] s.w.s.m.m.a.RequestMappingHandlerMapping : Mapped to jp.fujino.SalaryDataManager.application.controller.SalaryController#getByMonthBetween(String, String)
2023-02-23T23:20:13.776+09:00  INFO 19496 --- [http-nio-7777-exec-1] j.f.S.i.LoggingHandlerInterceptor        : [127.0.0.1] GET  /salary/getByMonthBetween
2023-02-23T23:20:14.053+09:00 DEBUG 19496 --- [http-nio-7777-exec-1] m.m.a.RequestResponseBodyMethodProcessor : Using 'application/json', given [*/*] and supported [application/json]
2023-02-23T23:20:14.097+09:00 DEBUG 19496 --- [http-nio-7777-exec-1] m.m.a.RequestResponseBodyMethodProcessor : Writing [jp.fujino.SalaryDataManager.application.resource.HttpResponseObject@2ffe08d1]
2023-02-23T23:20:14.143+09:00 DEBUG 19496 --- [http-nio-7777-exec-1] o.s.web.servlet.DispatcherServlet        : Completed 200 OK
2023-02-23T23:20:44.370+09:00  INFO 6492 --- [main] j.f.S.SalaryDataManagerApplication       : Starting SalaryDataManagerApplication using Java 17.0.1 with PID 6492 (C:\Work\develop\SalaryDataManager\02-SpringAPI\SalaryDataManager\build\classes\java\main started by Home in C:\Work\develop\SalaryDataManager\02-SpringAPI\SalaryDataManager)
2023-02-23T23:20:44.377+09:00  INFO 6492 --- [main] j.f.S.SalaryDataManagerApplication       : No active profile set, falling back to 1 default profile: "default"
2023-02-23T23:20:45.362+09:00  INFO 6492 --- [main] .s.d.r.c.RepositoryConfigurationDelegate : Bootstrapping Spring Data JPA repositories in DEFAULT mode.
2023-02-23T23:20:45.474+09:00  INFO 6492 --- [main] .s.d.r.c.RepositoryConfigurationDelegate : Finished Spring Data repository scanning in 92 ms. Found 1 JPA repository interfaces.
2023-02-23T23:20:47.351+09:00  INFO 6492 --- [main] o.s.b.w.embedded.tomcat.TomcatWebServer  : Tomcat initialized with port(s): 7777 (http)
2023-02-23T23:20:47.373+09:00  INFO 6492 --- [main] o.apache.catalina.core.StandardService   : Starting service [Tomcat]
2023-02-23T23:20:47.373+09:00  INFO 6492 --- [main] o.apache.catalina.core.StandardEngine    : Starting Servlet engine: [Apache Tomcat/10.1.5]
2023-02-23T23:20:47.512+09:00  INFO 6492 --- [main] o.a.c.c.C.[Tomcat].[localhost].[/]       : Initializing Spring embedded WebApplicationContext
2023-02-23T23:20:47.513+09:00  INFO 6492 --- [main] w.s.c.ServletWebServerApplicationContext : Root WebApplicationContext: initialization completed in 3015 ms
2023-02-23T23:20:47.733+09:00  INFO 6492 --- [main] com.zaxxer.hikari.HikariDataSource       : HikariPool-1 - Starting...
2023-02-23T23:20:47.960+09:00  INFO 6492 --- [main] com.zaxxer.hikari.pool.HikariPool        : HikariPool-1 - Added connection org.postgresql.jdbc.PgConnection@b67cc70
2023-02-23T23:20:47.962+09:00  INFO 6492 --- [main] com.zaxxer.hikari.HikariDataSource       : HikariPool-1 - Start completed.
2023-02-23T23:20:48.690+09:00  INFO 6492 --- [main] SQL dialect                              : HHH000400: Using dialect: org.hibernate.dialect.PostgreSQLDialect
2023-02-23T23:20:49.656+09:00  INFO 6492 --- [main] j.LocalContainerEntityManagerFactoryBean : Initialized JPA EntityManagerFactory for persistence unit 'default'
2023-02-23T23:20:51.221+09:00  WARN 6492 --- [main] JpaBaseConfiguration$JpaWebConfiguration : spring.jpa.open-in-view is enabled by default. Therefore, database queries may be performed during view rendering. Explicitly configure spring.jpa.open-in-view to disable this warning
2023-02-23T23:20:51.685+09:00  INFO 6492 --- [main] o.s.b.w.embedded.tomcat.TomcatWebServer  : Tomcat started on port(s): 7777 (http) with context path ''
2023-02-23T23:20:51.706+09:00  INFO 6492 --- [main] j.f.S.SalaryDataManagerApplication       : Started SalaryDataManagerApplication in 7.979 seconds (process running for 8.481)
2023-02-23T23:21:01.707+09:00  INFO 6492 --- [http-nio-7777-exec-1] o.a.c.c.C.[Tomcat].[localhost].[/]       : Initializing Spring DispatcherServlet 'dispatcherServlet'
2023-02-23T23:21:01.707+09:00  INFO 6492 --- [http-nio-7777-exec-1] o.s.web.servlet.DispatcherServlet        : Initializing Servlet 'dispatcherServlet'
2023-02-23T23:21:01.708+09:00  INFO 6492 --- [http-nio-7777-exec-1] o.s.web.servlet.DispatcherServlet        : Completed initialization in 1 ms
2023-02-23T23:21:01.733+09:00  INFO 6492 --- [http-nio-7777-exec-1] j.f.S.i.LoggingHandlerInterceptor        : [127.0.0.1] GET  /salary/getByMonthBetween
